<?xml version="1.0" encoding="UTF-8"?>
<!-- Generated by org.testng.reporters.JUnitReportReporter -->
<testsuite hostname="PT-PF3LKH6F" failures="0" tests="1" name="Testcases.TC002_Login" time="0.006" errors="0" timestamp="2024-01-24T10:53:28 WET" skipped="0">
  <testcase classname="Testcases.TC002_Login" name="login" time="0.006"/>
</testsuite> <!-- Testcases.TC002_Login -->
