<?xml version="1.0" encoding="UTF-8"?>
<!-- Generated by org.testng.reporters.JUnitReportReporter -->
<testsuite hostname="PT-PF3LKH6F" failures="0" tests="1" name="Testcases.TC002_Login" time="1.601" errors="0" timestamp="2024-01-25T07:20:30 WET" skipped="0">
  <testcase classname="Testcases.TC002_Login" name="login" time="1.601"/>
</testsuite> <!-- Testcases.TC002_Login -->
